0 info it worked if it ends with ok
1 verbose cli [ 'node', '/usr/local/bin/npm', 'publish' ]
2 info using npm@2.13.0
3 info using node@v0.12.1
4 verbose node symlink /usr/local/bin/node
5 verbose publish [ '.' ]
6 silly cache add args [ '.', null ]
7 verbose cache add spec .
8 silly cache add parsed spec { raw: '.',
8 silly cache add   scope: null,
8 silly cache add   name: null,
8 silly cache add   rawSpec: '.',
8 silly cache add   spec: '/Users/Trevor/Development/flogistix/kafka-fantasy',
8 silly cache add   type: 'directory' }
9 verbose addLocalDirectory /Users/Trevor/.npm/kafka-fantasy/1.0.0/package.tgz not in flight; packing
10 verbose tar pack [ '/Users/Trevor/.npm/kafka-fantasy/1.0.0/package.tgz',
10 verbose tar pack   '/Users/Trevor/Development/flogistix/kafka-fantasy' ]
11 verbose tarball /Users/Trevor/.npm/kafka-fantasy/1.0.0/package.tgz
12 verbose folder /Users/Trevor/Development/flogistix/kafka-fantasy
13 info prepublish kafka-fantasy@1.0.0
14 verbose addLocalTarball adding from inside cache /Users/Trevor/.npm/kafka-fantasy/1.0.0/package.tgz
15 silly cache afterAdd kafka-fantasy@1.0.0
16 verbose afterAdd /Users/Trevor/.npm/kafka-fantasy/1.0.0/package/package.json not in flight; writing
17 verbose afterAdd /Users/Trevor/.npm/kafka-fantasy/1.0.0/package/package.json written
18 silly publish { name: 'kafka-fantasy',
18 silly publish   version: '1.0.0',
18 silly publish   description: 'Functional wrapper around kafka-node. Based on fantasyland spec.',
18 silly publish   main: 'index.js',
18 silly publish   scripts: { test: 'echo "Error: no test specified" && exit 1' },
18 silly publish   repository:
18 silly publish    { type: 'git',
18 silly publish      url: 'git+https://github.com/Flogistix/kafka-fantasy.git' },
18 silly publish   keywords: [ 'fantasyland', 'functional', 'kafka' ],
18 silly publish   author: { name: 'Trevor Basinger' },
18 silly publish   license: 'MIT',
18 silly publish   bugs: { url: 'https://github.com/Flogistix/kafka-fantasy/issues' },
18 silly publish   homepage: 'https://github.com/Flogistix/kafka-fantasy#readme',
18 silly publish   dependencies:
18 silly publish    { baconjs: '^0.7.70',
18 silly publish      'control.monads': '^0.6.0',
18 silly publish      'data.task': '^3.0.0',
18 silly publish      'fantasy-io': '0.0.1',
18 silly publish      'kafka-node': '^0.2.27',
18 silly publish      ramda: '^0.17.1' },
18 silly publish   readme: '#Data\n\n    data ProducerRequest = ProducerRequest { topic :: String\n                                           , messages :: [String]\n                                           , partition :: Int\n                                           , attributes :: 2 }\n\n    data FetchRequest = FetchRequest { topic :: String, offset :: Int }\n\n    data ConsumerOptions = ConsumerOptions { groupId :: String\n                                           , autoCommit :: Boolean\n                                           , autoCommitIntervalMs :: Int\n                                           , fetchMaxWaitMs :: Int\n                                           , fetchMinBytes :: Int\n                                           , fromOffset :: Boolean\n                                           , encoding :: String }\n\n#Functions\n\n    mkClient :: String -> String -> Client\n\n    closeClient :: Producer -> Task Unit\n\n    mkProducer :: Client -> Producer\n\n    producerOnReady :: Producer -> Int -> Task Unit\n\n    createTopics :: Producer -> [String] -> Task Unit\n\n    closeProducer :: Producer -> Task Unit\n\n    mkProducerRequest :: Topic -> Int -> [String] -> Payload\n\n    send :: Producer -> [ProducerRequest] -> Task Unit\n\n    mkConsumer :: Client -> [FetchRequest] -> ConsumerOptions -> Consumer\n\n    mkFetchRequest :: String -> Int -> FetchRequest\n\n    mkStreamFromTopic :: Consumer -> String -> EventStream\n',
18 silly publish   readmeFilename: 'README.md',
18 silly publish   gitHead: 'f15c376b71ab4b8e214af9281354121046a99fee',
18 silly publish   _id: 'kafka-fantasy@1.0.0',
18 silly publish   _shasum: '4411d053333c33a48e9b74fa80a16a9276437744',
18 silly publish   _from: '.' }
19 verbose getPublishConfig undefined
20 silly mapToRegistry name kafka-fantasy
21 silly mapToRegistry using default registry
22 silly mapToRegistry registry https://registry.npmjs.org/
23 silly mapToRegistry uri https://registry.npmjs.org/kafka-fantasy
24 verbose publish registryBase https://registry.npmjs.org/
25 silly publish uploading /Users/Trevor/.npm/kafka-fantasy/1.0.0/package.tgz
26 verbose request uri https://registry.npmjs.org/kafka-fantasy
27 verbose request sending authorization for write operation
28 info attempt registry request try #1 at 10:12:26
29 verbose request using bearer token for auth
30 verbose request id f2e5d5edd59876a2
31 http request PUT https://registry.npmjs.org/kafka-fantasy
32 http 403 https://registry.npmjs.org/kafka-fantasy
33 verbose headers { 'content-type': 'application/json',
33 verbose headers   'cache-control': 'max-age=60',
33 verbose headers   'content-length': '95',
33 verbose headers   'accept-ranges': 'bytes',
33 verbose headers   date: 'Wed, 05 Aug 2015 15:12:26 GMT',
33 verbose headers   via: '1.1 varnish',
33 verbose headers   connection: 'keep-alive',
33 verbose headers   'x-served-by': 'cache-atl6224-ATL',
33 verbose headers   'x-cache': 'MISS',
33 verbose headers   'x-cache-hits': '0',
33 verbose headers   'x-timer': 'S1438787546.599870,VS0,VE382' }
34 verbose request invalidating /Users/Trevor/.npm/registry.npmjs.org/kafka-fantasy on PUT
35 error publish Failed PUT 403
36 verbose stack Error: "You cannot publish over the previously published version 1.0.0." : kafka-fantasy
36 verbose stack     at CachingRegistryClient.<anonymous> (/usr/local/lib/node_modules/npm/node_modules/npm-registry-client/lib/request.js:247:14)
36 verbose stack     at Request._callback (/usr/local/lib/node_modules/npm/node_modules/npm-registry-client/lib/request.js:170:14)
36 verbose stack     at Request.self.callback (/usr/local/lib/node_modules/npm/node_modules/request/request.js:197:22)
36 verbose stack     at Request.emit (events.js:110:17)
36 verbose stack     at Request.<anonymous> (/usr/local/lib/node_modules/npm/node_modules/request/request.js:1050:14)
36 verbose stack     at Request.emit (events.js:129:20)
36 verbose stack     at IncomingMessage.<anonymous> (/usr/local/lib/node_modules/npm/node_modules/request/request.js:996:12)
36 verbose stack     at IncomingMessage.emit (events.js:129:20)
36 verbose stack     at _stream_readable.js:908:16
36 verbose stack     at process._tickCallback (node.js:355:11)
37 verbose statusCode 403
38 verbose pkgid kafka-fantasy
39 verbose cwd /Users/Trevor/Development/flogistix/kafka-fantasy
40 error Darwin 14.4.0
41 error argv "node" "/usr/local/bin/npm" "publish"
42 error node v0.12.1
43 error npm  v2.13.0
44 error code E403
45 error "You cannot publish over the previously published version 1.0.0." : kafka-fantasy
46 error If you need help, you may report this error at:
46 error     <https://github.com/npm/npm/issues>
47 verbose exit [ 1, true ]
